[0.466s] DEBUG:colcon:Command line arguments: ['/usr/bin/colcon', 'build', '--symlink-install']
[0.466s] DEBUG:colcon:Parsed command line arguments: Namespace(log_base=None, log_level=None, verb_name='build', build_base='build', install_base='install', merge_install=False, symlink_install=True, test_result_base=None, continue_on_error=False, executor='parallel', parallel_workers=12, event_handlers=None, ignore_user_meta=False, metas=['./colcon.meta'], base_paths=['.'], packages_ignore=None, packages_ignore_regex=None, paths=None, packages_up_to=None, packages_up_to_regex=None, packages_above=None, packages_above_and_dependencies=None, packages_above_depth=None, packages_select_by_dep=None, packages_skip_by_dep=None, packages_skip_up_to=None, packages_select_build_failed=False, packages_skip_build_finished=False, packages_select_test_failures=False, packages_skip_test_passed=False, packages_select=None, packages_skip=None, packages_select_regex=None, packages_skip_regex=None, packages_start=None, packages_end=None, allow_overriding=[], cmake_args=None, cmake_target=None, cmake_target_skip_unavailable=False, cmake_clean_cache=False, cmake_clean_first=False, cmake_force_configure=False, ament_cmake_args=None, catkin_cmake_args=None, catkin_skip_building_tests=False, verb_parser=<colcon_defaults.argument_parser.defaults.DefaultArgumentsDecorator object at 0x7f7a023e2f20>, verb_extension=<colcon_core.verb.build.BuildVerb object at 0x7f7a02b726e0>, main=<bound method BuildVerb.main of <colcon_core.verb.build.BuildVerb object at 0x7f7a02b726e0>>)
[0.503s] Level 1:colcon.colcon_core.package_discovery:discover_packages(colcon_meta) check parameters
[0.503s] Level 1:colcon.colcon_core.package_discovery:discover_packages(recursive) check parameters
[0.503s] Level 1:colcon.colcon_core.package_discovery:discover_packages(ignore) check parameters
[0.503s] Level 1:colcon.colcon_core.package_discovery:discover_packages(path) check parameters
[0.503s] Level 1:colcon.colcon_core.package_discovery:discover_packages(colcon_meta) discover
[0.503s] Level 1:colcon.colcon_core.package_discovery:discover_packages(recursive) discover
[0.503s] INFO:colcon.colcon_core.package_discovery:Crawling recursively for packages in '/home/iam_ironman_2003/mobot_ws/src/iron_mobot'
[0.503s] Level 1:colcon.colcon_core.package_identification:_identify(.) by extensions ['ignore', 'ignore_ament_install']
[0.503s] Level 1:colcon.colcon_core.package_identification:_identify(.) by extension 'ignore'
[0.503s] Level 1:colcon.colcon_core.package_identification:_identify(.) by extension 'ignore_ament_install'
[0.503s] Level 1:colcon.colcon_core.package_identification:_identify(.) by extensions ['colcon_pkg']
[0.503s] Level 1:colcon.colcon_core.package_identification:_identify(.) by extension 'colcon_pkg'
[0.503s] Level 1:colcon.colcon_core.package_identification:_identify(.) by extensions ['colcon_meta']
[0.503s] Level 1:colcon.colcon_core.package_identification:_identify(.) by extension 'colcon_meta'
[0.503s] Level 1:colcon.colcon_core.package_identification:_identify(.) by extensions ['ros']
[0.503s] Level 1:colcon.colcon_core.package_identification:_identify(.) by extension 'ros'
[0.516s] DEBUG:colcon.colcon_core.package_identification:Package '.' with type 'ros.ament_cmake' and name 'iron_mobot'
[0.516s] Level 1:colcon.colcon_core.package_discovery:discover_packages(recursive) using defaults
[0.516s] Level 1:colcon.colcon_core.package_discovery:discover_packages(ignore) discover
[0.516s] Level 1:colcon.colcon_core.package_discovery:discover_packages(ignore) using defaults
[0.516s] Level 1:colcon.colcon_core.package_discovery:discover_packages(path) discover
[0.516s] Level 1:colcon.colcon_core.package_discovery:discover_packages(path) using defaults
[0.544s] Level 1:colcon.colcon_core.package_discovery:discover_packages(prefix_path) check parameters
[0.544s] Level 1:colcon.colcon_core.package_discovery:discover_packages(prefix_path) discover
[0.548s] DEBUG:colcon.colcon_installed_package_information.package_discovery:Found 0 installed packages in /home/iam_ironman_2003/ROBOT_WS/install
[0.549s] DEBUG:colcon.colcon_installed_package_information.package_discovery:Found 2 installed packages in /home/iam_ironman_2003/mobot_ws/install
[0.549s] DEBUG:colcon.colcon_installed_package_information.package_discovery:Found 1 installed packages in /home/iam_ironman_2003/rm_ws/install
[0.551s] DEBUG:colcon.colcon_installed_package_information.package_discovery:Found 369 installed packages in /opt/ros/humble
[0.552s] Level 1:colcon.colcon_core.package_discovery:discover_packages(prefix_path) using defaults
[0.608s] Level 5:colcon.colcon_core.verb:set package 'iron_mobot' build argument 'cmake_args' from command line to 'None'
[0.608s] Level 5:colcon.colcon_core.verb:set package 'iron_mobot' build argument 'cmake_target' from command line to 'None'
[0.609s] Level 5:colcon.colcon_core.verb:set package 'iron_mobot' build argument 'cmake_target_skip_unavailable' from command line to 'False'
[0.609s] Level 5:colcon.colcon_core.verb:set package 'iron_mobot' build argument 'cmake_clean_cache' from command line to 'False'
[0.609s] Level 5:colcon.colcon_core.verb:set package 'iron_mobot' build argument 'cmake_clean_first' from command line to 'False'
[0.609s] Level 5:colcon.colcon_core.verb:set package 'iron_mobot' build argument 'cmake_force_configure' from command line to 'False'
[0.609s] Level 5:colcon.colcon_core.verb:set package 'iron_mobot' build argument 'ament_cmake_args' from command line to 'None'
[0.609s] Level 5:colcon.colcon_core.verb:set package 'iron_mobot' build argument 'catkin_cmake_args' from command line to 'None'
[0.609s] Level 5:colcon.colcon_core.verb:set package 'iron_mobot' build argument 'catkin_skip_building_tests' from command line to 'False'
[0.609s] DEBUG:colcon.colcon_core.verb:Building package 'iron_mobot' with the following arguments: {'ament_cmake_args': None, 'build_base': '/home/iam_ironman_2003/mobot_ws/src/iron_mobot/build/iron_mobot', 'catkin_cmake_args': None, 'catkin_skip_building_tests': False, 'cmake_args': None, 'cmake_clean_cache': False, 'cmake_clean_first': False, 'cmake_force_configure': False, 'cmake_target': None, 'cmake_target_skip_unavailable': False, 'install_base': '/home/iam_ironman_2003/mobot_ws/src/iron_mobot/install/iron_mobot', 'merge_install': False, 'path': '/home/iam_ironman_2003/mobot_ws/src/iron_mobot', 'symlink_install': True, 'test_result_base': None}
[0.609s] INFO:colcon.colcon_core.executor:Executing jobs using 'parallel' executor
[0.612s] DEBUG:colcon.colcon_parallel_executor.executor.parallel:run_until_complete
[0.612s] INFO:colcon.colcon_ros.task.ament_cmake.build:Building ROS package in '/home/iam_ironman_2003/mobot_ws/src/iron_mobot' with build type 'ament_cmake'
[0.612s] INFO:colcon.colcon_cmake.task.cmake.build:Building CMake package in '/home/iam_ironman_2003/mobot_ws/src/iron_mobot'
[0.618s] INFO:colcon.colcon_core.plugin_system:Skipping extension 'colcon_core.shell.bat': Not used on non-Windows systems
[0.619s] INFO:colcon.colcon_core.shell:Skip shell extension 'powershell' for command environment: Not usable outside of PowerShell
[0.619s] DEBUG:colcon.colcon_core.shell:Skip shell extension 'dsv' for command environment
[0.628s] DEBUG:colcon.colcon_core.event_handler.log_command:Invoking command in '/home/iam_ironman_2003/mobot_ws/src/iron_mobot/build/iron_mobot': CMAKE_PREFIX_PATH=${CMAKE_PREFIX_PATH}:/opt/ros/humble /usr/bin/cmake /home/iam_ironman_2003/mobot_ws/src/iron_mobot -DAMENT_CMAKE_SYMLINK_INSTALL=1 -DCMAKE_INSTALL_PREFIX=/home/iam_ironman_2003/mobot_ws/src/iron_mobot/install/iron_mobot
[1.440s] DEBUG:colcon.colcon_core.event_handler.log_command:Invoked command in '/home/iam_ironman_2003/mobot_ws/src/iron_mobot/build/iron_mobot' returned '0': CMAKE_PREFIX_PATH=${CMAKE_PREFIX_PATH}:/opt/ros/humble /usr/bin/cmake /home/iam_ironman_2003/mobot_ws/src/iron_mobot -DAMENT_CMAKE_SYMLINK_INSTALL=1 -DCMAKE_INSTALL_PREFIX=/home/iam_ironman_2003/mobot_ws/src/iron_mobot/install/iron_mobot
[1.441s] DEBUG:colcon.colcon_core.event_handler.log_command:Invoking command in '/home/iam_ironman_2003/mobot_ws/src/iron_mobot/build/iron_mobot': CMAKE_PREFIX_PATH=${CMAKE_PREFIX_PATH}:/opt/ros/humble /usr/bin/cmake --build /home/iam_ironman_2003/mobot_ws/src/iron_mobot/build/iron_mobot -- -j12 -l12
[1.473s] DEBUG:colcon.colcon_core.event_handler.log_command:Invoked command in '/home/iam_ironman_2003/mobot_ws/src/iron_mobot/build/iron_mobot' returned '0': CMAKE_PREFIX_PATH=${CMAKE_PREFIX_PATH}:/opt/ros/humble /usr/bin/cmake --build /home/iam_ironman_2003/mobot_ws/src/iron_mobot/build/iron_mobot -- -j12 -l12
[1.502s] DEBUG:colcon.colcon_core.event_handler.log_command:Invoking command in '/home/iam_ironman_2003/mobot_ws/src/iron_mobot/build/iron_mobot': CMAKE_PREFIX_PATH=${CMAKE_PREFIX_PATH}:/opt/ros/humble /usr/bin/cmake --install /home/iam_ironman_2003/mobot_ws/src/iron_mobot/build/iron_mobot
[1.746s] Level 1:colcon.colcon_core.environment:create_environment_scripts_only(iron_mobot)
[1.748s] DEBUG:colcon.colcon_core.event_handler.log_command:Invoked command in '/home/iam_ironman_2003/mobot_ws/src/iron_mobot/build/iron_mobot' returned '0': CMAKE_PREFIX_PATH=${CMAKE_PREFIX_PATH}:/opt/ros/humble /usr/bin/cmake --install /home/iam_ironman_2003/mobot_ws/src/iron_mobot/build/iron_mobot
[1.763s] Level 1:colcon.colcon_core.environment:checking '/home/iam_ironman_2003/mobot_ws/src/iron_mobot/install/iron_mobot' for CMake module files
[1.763s] Level 1:colcon.colcon_core.environment:checking '/home/iam_ironman_2003/mobot_ws/src/iron_mobot/install/iron_mobot' for CMake config files
[1.763s] Level 1:colcon.colcon_core.shell:create_environment_hook('iron_mobot', 'cmake_prefix_path')
[1.764s] INFO:colcon.colcon_core.shell:Creating environment hook '/home/iam_ironman_2003/mobot_ws/src/iron_mobot/install/iron_mobot/share/iron_mobot/hook/cmake_prefix_path.ps1'
[1.765s] INFO:colcon.colcon_core.shell:Creating environment descriptor '/home/iam_ironman_2003/mobot_ws/src/iron_mobot/install/iron_mobot/share/iron_mobot/hook/cmake_prefix_path.dsv'
[1.766s] INFO:colcon.colcon_core.shell:Creating environment hook '/home/iam_ironman_2003/mobot_ws/src/iron_mobot/install/iron_mobot/share/iron_mobot/hook/cmake_prefix_path.sh'
[1.766s] Level 1:colcon.colcon_core.environment:checking '/home/iam_ironman_2003/mobot_ws/src/iron_mobot/install/iron_mobot/bin'
[1.766s] Level 1:colcon.colcon_core.environment:checking '/home/iam_ironman_2003/mobot_ws/src/iron_mobot/install/iron_mobot/lib/pkgconfig/iron_mobot.pc'
[1.767s] Level 1:colcon.colcon_core.environment:checking '/home/iam_ironman_2003/mobot_ws/src/iron_mobot/install/iron_mobot/lib/python3.10/site-packages'
[1.767s] Level 1:colcon.colcon_core.environment:checking '/home/iam_ironman_2003/mobot_ws/src/iron_mobot/install/iron_mobot/bin'
[1.768s] INFO:colcon.colcon_core.shell:Creating package script '/home/iam_ironman_2003/mobot_ws/src/iron_mobot/install/iron_mobot/share/iron_mobot/package.ps1'
[1.769s] INFO:colcon.colcon_core.shell:Creating package descriptor '/home/iam_ironman_2003/mobot_ws/src/iron_mobot/install/iron_mobot/share/iron_mobot/package.dsv'
[1.769s] INFO:colcon.colcon_core.shell:Creating package script '/home/iam_ironman_2003/mobot_ws/src/iron_mobot/install/iron_mobot/share/iron_mobot/package.sh'
[1.770s] INFO:colcon.colcon_core.shell:Creating package script '/home/iam_ironman_2003/mobot_ws/src/iron_mobot/install/iron_mobot/share/iron_mobot/package.bash'
[1.770s] INFO:colcon.colcon_core.shell:Creating package script '/home/iam_ironman_2003/mobot_ws/src/iron_mobot/install/iron_mobot/share/iron_mobot/package.zsh'
[1.771s] Level 1:colcon.colcon_core.environment:create_file_with_runtime_dependencies(/home/iam_ironman_2003/mobot_ws/src/iron_mobot/install/iron_mobot/share/colcon-core/packages/iron_mobot)
[1.804s] Level 1:colcon.colcon_core.environment:create_environment_scripts_only(iron_mobot)
[1.805s] Level 1:colcon.colcon_core.environment:checking '/home/iam_ironman_2003/mobot_ws/src/iron_mobot/install/iron_mobot' for CMake module files
[1.806s] Level 1:colcon.colcon_core.environment:checking '/home/iam_ironman_2003/mobot_ws/src/iron_mobot/install/iron_mobot' for CMake config files
[1.806s] Level 1:colcon.colcon_core.shell:create_environment_hook('iron_mobot', 'cmake_prefix_path')
[1.807s] INFO:colcon.colcon_core.shell:Creating environment hook '/home/iam_ironman_2003/mobot_ws/src/iron_mobot/install/iron_mobot/share/iron_mobot/hook/cmake_prefix_path.ps1'
[1.807s] INFO:colcon.colcon_core.shell:Creating environment descriptor '/home/iam_ironman_2003/mobot_ws/src/iron_mobot/install/iron_mobot/share/iron_mobot/hook/cmake_prefix_path.dsv'
[1.807s] INFO:colcon.colcon_core.shell:Creating environment hook '/home/iam_ironman_2003/mobot_ws/src/iron_mobot/install/iron_mobot/share/iron_mobot/hook/cmake_prefix_path.sh'
[1.808s] Level 1:colcon.colcon_core.environment:checking '/home/iam_ironman_2003/mobot_ws/src/iron_mobot/install/iron_mobot/bin'
[1.808s] Level 1:colcon.colcon_core.environment:checking '/home/iam_ironman_2003/mobot_ws/src/iron_mobot/install/iron_mobot/lib/pkgconfig/iron_mobot.pc'
[1.808s] Level 1:colcon.colcon_core.environment:checking '/home/iam_ironman_2003/mobot_ws/src/iron_mobot/install/iron_mobot/lib/python3.10/site-packages'
[1.808s] Level 1:colcon.colcon_core.environment:checking '/home/iam_ironman_2003/mobot_ws/src/iron_mobot/install/iron_mobot/bin'
[1.809s] INFO:colcon.colcon_core.shell:Creating package script '/home/iam_ironman_2003/mobot_ws/src/iron_mobot/install/iron_mobot/share/iron_mobot/package.ps1'
[1.809s] INFO:colcon.colcon_core.shell:Creating package descriptor '/home/iam_ironman_2003/mobot_ws/src/iron_mobot/install/iron_mobot/share/iron_mobot/package.dsv'
[1.810s] INFO:colcon.colcon_core.shell:Creating package script '/home/iam_ironman_2003/mobot_ws/src/iron_mobot/install/iron_mobot/share/iron_mobot/package.sh'
[1.810s] INFO:colcon.colcon_core.shell:Creating package script '/home/iam_ironman_2003/mobot_ws/src/iron_mobot/install/iron_mobot/share/iron_mobot/package.bash'
[1.810s] INFO:colcon.colcon_core.shell:Creating package script '/home/iam_ironman_2003/mobot_ws/src/iron_mobot/install/iron_mobot/share/iron_mobot/package.zsh'
[1.810s] Level 1:colcon.colcon_core.environment:create_file_with_runtime_dependencies(/home/iam_ironman_2003/mobot_ws/src/iron_mobot/install/iron_mobot/share/colcon-core/packages/iron_mobot)
[1.811s] DEBUG:colcon.colcon_parallel_executor.executor.parallel:closing loop
[1.811s] DEBUG:colcon.colcon_parallel_executor.executor.parallel:loop closed
[1.811s] DEBUG:colcon.colcon_parallel_executor.executor.parallel:run_until_complete finished with '0'
[1.811s] DEBUG:colcon.colcon_core.event_reactor:joining thread
[1.816s] INFO:colcon.colcon_core.plugin_system:Skipping extension 'colcon_notification.desktop_notification.terminal_notifier': Not used on non-Darwin systems
[1.816s] INFO:colcon.colcon_core.plugin_system:Skipping extension 'colcon_notification.desktop_notification.win32': Not used on non-Windows systems
[1.816s] INFO:colcon.colcon_notification.desktop_notification:Sending desktop notification using 'notify2'
[1.835s] DEBUG:colcon.colcon_core.event_reactor:joined thread
[1.836s] INFO:colcon.colcon_core.shell:Creating prefix script '/home/iam_ironman_2003/mobot_ws/src/iron_mobot/install/local_setup.ps1'
[1.837s] INFO:colcon.colcon_core.shell:Creating prefix util module '/home/iam_ironman_2003/mobot_ws/src/iron_mobot/install/_local_setup_util_ps1.py'
[1.839s] INFO:colcon.colcon_core.shell:Creating prefix chain script '/home/iam_ironman_2003/mobot_ws/src/iron_mobot/install/setup.ps1'
[1.840s] INFO:colcon.colcon_core.shell:Creating prefix script '/home/iam_ironman_2003/mobot_ws/src/iron_mobot/install/local_setup.sh'
[1.841s] INFO:colcon.colcon_core.shell:Creating prefix util module '/home/iam_ironman_2003/mobot_ws/src/iron_mobot/install/_local_setup_util_sh.py'
[1.841s] INFO:colcon.colcon_core.shell:Creating prefix chain script '/home/iam_ironman_2003/mobot_ws/src/iron_mobot/install/setup.sh'
[1.842s] INFO:colcon.colcon_core.shell:Creating prefix script '/home/iam_ironman_2003/mobot_ws/src/iron_mobot/install/local_setup.bash'
[1.843s] INFO:colcon.colcon_core.shell:Creating prefix chain script '/home/iam_ironman_2003/mobot_ws/src/iron_mobot/install/setup.bash'
[1.844s] INFO:colcon.colcon_core.shell:Creating prefix script '/home/iam_ironman_2003/mobot_ws/src/iron_mobot/install/local_setup.zsh'
[1.845s] INFO:colcon.colcon_core.shell:Creating prefix chain script '/home/iam_ironman_2003/mobot_ws/src/iron_mobot/install/setup.zsh'
