[0.015s] Invoking command in '/home/iam_ironman_2003/mobot_ws/src/iron_mobot/build/iron_mobot': CMAKE_PREFIX_PATH=${CMAKE_PREFIX_PATH}:/opt/ros/humble /usr/bin/cmake /home/iam_ironman_2003/mobot_ws/src/iron_mobot -DAMENT_CMAKE_SYMLINK_INSTALL=1 -DCMAKE_INSTALL_PREFIX=/home/iam_ironman_2003/mobot_ws/src/iron_mobot/install/iron_mobot
[0.156s] -- The C compiler identification is GNU 11.4.0
[0.251s] -- The CXX compiler identification is GNU 11.4.0
[0.261s] -- Detecting C compiler ABI info
[0.338s] -- Detecting C compiler ABI info - done
[0.344s] -- Check for working C compiler: /usr/bin/cc - skipped
[0.345s] -- Detecting C compile features
[0.345s] -- Detecting C compile features - done
[0.348s] -- Detecting CXX compiler ABI info
[0.415s] -- Detecting CXX compiler ABI info - done
[0.422s] -- Check for working CXX compiler: /usr/bin/c++ - skipped
[0.422s] -- Detecting CXX compile features
[0.422s] -- Detecting CXX compile features - done
[0.426s] -- Found ament_cmake: 1.3.5 (/opt/ros/humble/share/ament_cmake/cmake)
[0.596s] -- Found Python3: /usr/bin/python3.10 (found version "3.10.12") found components: Interpreter 
[0.651s] -- Override CMake install command with custom implementation using symlinks instead of copying resources
[0.692s] -- Found ament_lint_auto: 0.12.7 (/opt/ros/humble/share/ament_lint_auto/cmake)
[0.803s] -- Added test 'cppcheck' to perform static code analysis on C / C++ code
[0.803s] -- Configured cppcheck include dirs: 
[0.803s] -- Configured cppcheck exclude dirs and/or files: 
[0.805s] -- Added test 'flake8' to check Python code syntax and style conventions
[0.807s] -- Added test 'lint_cmake' to check CMake code style
[0.808s] -- Added test 'pep257' to check Python code against some of the docstring style conventions in PEP 257
[0.815s] -- Added test 'uncrustify' to check C / C++ code style
[0.815s] -- Configured uncrustify additional arguments: 
[0.816s] -- Added test 'xmllint' to check XML markup files
[0.817s] -- Configuring done
[0.819s] -- Generating done
[0.820s] -- Build files have been written to: /home/iam_ironman_2003/mobot_ws/src/iron_mobot/build/iron_mobot
[0.826s] Invoked command in '/home/iam_ironman_2003/mobot_ws/src/iron_mobot/build/iron_mobot' returned '0': CMAKE_PREFIX_PATH=${CMAKE_PREFIX_PATH}:/opt/ros/humble /usr/bin/cmake /home/iam_ironman_2003/mobot_ws/src/iron_mobot -DAMENT_CMAKE_SYMLINK_INSTALL=1 -DCMAKE_INSTALL_PREFIX=/home/iam_ironman_2003/mobot_ws/src/iron_mobot/install/iron_mobot
[0.828s] Invoking command in '/home/iam_ironman_2003/mobot_ws/src/iron_mobot/build/iron_mobot': CMAKE_PREFIX_PATH=${CMAKE_PREFIX_PATH}:/opt/ros/humble /usr/bin/cmake --build /home/iam_ironman_2003/mobot_ws/src/iron_mobot/build/iron_mobot -- -j12 -l12
[0.859s] Invoked command in '/home/iam_ironman_2003/mobot_ws/src/iron_mobot/build/iron_mobot' returned '0': CMAKE_PREFIX_PATH=${CMAKE_PREFIX_PATH}:/opt/ros/humble /usr/bin/cmake --build /home/iam_ironman_2003/mobot_ws/src/iron_mobot/build/iron_mobot -- -j12 -l12
[0.889s] Invoking command in '/home/iam_ironman_2003/mobot_ws/src/iron_mobot/build/iron_mobot': CMAKE_PREFIX_PATH=${CMAKE_PREFIX_PATH}:/opt/ros/humble /usr/bin/cmake --install /home/iam_ironman_2003/mobot_ws/src/iron_mobot/build/iron_mobot
[0.896s] -- Install configuration: ""
[0.896s] -- Execute custom install script
[0.897s] -- Symlinking: /home/iam_ironman_2003/mobot_ws/src/iron_mobot/install/iron_mobot/share/iron_mobot/launch/robot_state_publisher.launch.py
[0.904s] -- Symlinking: /home/iam_ironman_2003/mobot_ws/src/iron_mobot/install/iron_mobot/share/iron_mobot/launch/simulation_launch.launch.py
[0.913s] -- Symlinking: /home/iam_ironman_2003/mobot_ws/src/iron_mobot/install/iron_mobot/share/iron_mobot/description/diff_drive_controller_plugin.xacro
[0.921s] -- Symlinking: /home/iam_ironman_2003/mobot_ws/src/iron_mobot/install/iron_mobot/share/iron_mobot/description/inertial_macros.xacro
[0.936s] -- Symlinking: /home/iam_ironman_2003/mobot_ws/src/iron_mobot/install/iron_mobot/share/iron_mobot/description/lidar_plugin.xacro
[0.950s] -- Symlinking: /home/iam_ironman_2003/mobot_ws/src/iron_mobot/install/iron_mobot/share/iron_mobot/description/robot.urdf.xacro
[0.958s] -- Symlinking: /home/iam_ironman_2003/mobot_ws/src/iron_mobot/install/iron_mobot/share/iron_mobot/description/robot_core.xacro
[0.965s] -- Symlinking: /home/iam_ironman_2003/mobot_ws/src/iron_mobot/install/iron_mobot/share/iron_mobot/config/diff_bot.rviz
[0.972s] -- Symlinking: /home/iam_ironman_2003/mobot_ws/src/iron_mobot/install/iron_mobot/share/iron_mobot/config/mapper_params_online_async.yaml
[0.987s] -- Symlinking: /home/iam_ironman_2003/mobot_ws/src/iron_mobot/install/iron_mobot/share/iron_mobot/config/my_bot_view.rviz
[0.995s] -- Symlinking: /home/iam_ironman_2003/mobot_ws/src/iron_mobot/install/iron_mobot/share/ament_index/resource_index/package_run_dependencies/iron_mobot
[1.003s] -- Symlinking: /home/iam_ironman_2003/mobot_ws/src/iron_mobot/install/iron_mobot/share/ament_index/resource_index/parent_prefix_path/iron_mobot
[1.018s] -- Symlinking: /home/iam_ironman_2003/mobot_ws/src/iron_mobot/install/iron_mobot/share/iron_mobot/environment/ament_prefix_path.sh
[1.027s] -- Symlinking: /home/iam_ironman_2003/mobot_ws/src/iron_mobot/install/iron_mobot/share/iron_mobot/environment/ament_prefix_path.dsv
[1.036s] -- Symlinking: /home/iam_ironman_2003/mobot_ws/src/iron_mobot/install/iron_mobot/share/iron_mobot/environment/path.sh
[1.044s] -- Symlinking: /home/iam_ironman_2003/mobot_ws/src/iron_mobot/install/iron_mobot/share/iron_mobot/environment/path.dsv
[1.052s] -- Symlinking: /home/iam_ironman_2003/mobot_ws/src/iron_mobot/install/iron_mobot/share/iron_mobot/local_setup.bash
[1.059s] -- Symlinking: /home/iam_ironman_2003/mobot_ws/src/iron_mobot/install/iron_mobot/share/iron_mobot/local_setup.sh
[1.066s] -- Symlinking: /home/iam_ironman_2003/mobot_ws/src/iron_mobot/install/iron_mobot/share/iron_mobot/local_setup.zsh
[1.073s] -- Symlinking: /home/iam_ironman_2003/mobot_ws/src/iron_mobot/install/iron_mobot/share/iron_mobot/local_setup.dsv
[1.089s] -- Symlinking: /home/iam_ironman_2003/mobot_ws/src/iron_mobot/install/iron_mobot/share/iron_mobot/package.dsv
[1.097s] -- Symlinking: /home/iam_ironman_2003/mobot_ws/src/iron_mobot/install/iron_mobot/share/ament_index/resource_index/packages/iron_mobot
[1.106s] -- Symlinking: /home/iam_ironman_2003/mobot_ws/src/iron_mobot/install/iron_mobot/share/iron_mobot/cmake/iron_mobotConfig.cmake
[1.113s] -- Symlinking: /home/iam_ironman_2003/mobot_ws/src/iron_mobot/install/iron_mobot/share/iron_mobot/cmake/iron_mobotConfig-version.cmake
[1.122s] -- Symlinking: /home/iam_ironman_2003/mobot_ws/src/iron_mobot/install/iron_mobot/share/iron_mobot/package.xml
[1.134s] Invoked command in '/home/iam_ironman_2003/mobot_ws/src/iron_mobot/build/iron_mobot' returned '0': CMAKE_PREFIX_PATH=${CMAKE_PREFIX_PATH}:/opt/ros/humble /usr/bin/cmake --install /home/iam_ironman_2003/mobot_ws/src/iron_mobot/build/iron_mobot
